#
# There is insufficient memory for the Java Runtime Environment to continue.
# Native memory allocation (malloc) failed to allocate 1273456 bytes for Chunk::new
# Possible reasons:
#   The system is out of physical RAM or swap space
#   The process is running with CompressedOops enabled, and the Java Heap may be blocking the growth of the native heap
# Possible solutions:
#   Reduce memory load on the system
#   Increase physical memory or swap space
#   Check if swap backing store is full
#   Decrease Java heap size (-Xmx/-Xms)
#   Decrease number of Java threads
#   Decrease Java thread stack sizes (-Xss)
#   Set larger code cache with -XX:ReservedCodeCacheSize=
#   JVM is running with Unscaled Compressed Oops mode in which the Java heap is
#     placed in the first 4GB address space. The Java Heap base address is the
#     maximum limit for the native heap growth. Please use -XX:HeapBaseMinAddress
#     to set the Java Heap base and to place the Java Heap above 4GB virtual address.
# This output file may be truncated or incomplete.
#
#  Out of Memory Error (arena.cpp:168), pid=12332, tid=12532
#
# JRE version: Java(TM) SE Runtime Environment (21.0.2+13) (build 21.0.2+13-LTS-58)
# Java VM: Java HotSpot(TM) 64-Bit Server VM (21.0.2+13-LTS-58, mixed mode, sharing, tiered, compressed oops, compressed class ptrs, g1 gc, windows-amd64)
# No core dump will be written. Minidumps are not enabled by default on client versions of Windows
#

---------------  S U M M A R Y ------------

Command Line: -javaagent:S:\disc\IntelliJ IDEA Community Edition 2025.1.3\lib\idea_rt.jar=63675 -Dfile.encoding=UTF-8 -Dsun.stdout.encoding=UTF-8 -Dsun.stderr.encoding=UTF-8 com.crud.product.CrudSpringProductApplication

Host: Intel(R) Core(TM) i5 CPU       M 430  @ 2.27GHz, 4 cores, 7G,  Windows 10 , 64 bit Build 19041 (10.0.19041.5915)
Time: Thu Oct 16 18:25:06 2025 Hora oficial do Brasil elapsed time: 106.484114 seconds (0d 0h 1m 46s)

---------------  T H R E A D  ---------------

Current thread (0x0000019d13bfb620):  JavaThread "C2 CompilerThread0" daemon [_thread_in_native, id=12532, stack(0x000000843ba00000,0x000000843bb00000) (1024K)]


Current CompileTask:
C2: 106484 4423       4       jdk.internal.loader.ClassLoaders$AppClassLoader::loadClass (40 bytes)

Stack: [0x000000843ba00000,0x000000843bb00000]
Native frames: (J=compiled Java code, j=interpreted, Vv=VM code, C=native code)
V  [jvm.dll+0x6cade9]
V  [jvm.dll+0x8569c1]
V  [jvm.dll+0x858d2e]
V  [jvm.dll+0x859413]
V  [jvm.dll+0x280e56]
V  [jvm.dll+0xc3f3d]
V  [jvm.dll+0xc4473]
V  [jvm.dll+0x3b5bf2]
V  [jvm.dll+0x1e2013]
V  [jvm.dll+0x249d22]
V  [jvm.dll+0x2491b1]
V  [jvm.dll+0x1c9634]
V  [jvm.dll+0x258859]
V  [jvm.dll+0x256e3a]
V  [jvm.dll+0x3ef6c6]
V  [jvm.dll+0x7ff568]
V  [jvm.dll+0x6c953d]
C  [ucrtbase.dll+0x21bb2]
C  [KERNEL32.DLL+0x17374]
C  [ntdll.dll+0x4cc91]


---------------  P R O C E S S  ---------------

Threads class SMR info:
_java_thread_list=0x0000019d5b4a1720, length=15, elements={
0x0000019d758fc000, 0x0000019d13be7c00, 0x0000019d13be9670, 0x0000019d13bec780,
0x0000019d13bed1e0, 0x0000019d13bf2400, 0x0000019d13bf3e20, 0x0000019d13bfb620,
0x0000019d13bfc860, 0x0000019d5909b190, 0x0000019d592fd950, 0x0000019d592fdfc0,
0x0000019d59d4a420, 0x0000019d59d4aa90, 0x0000019d5a632040
}

Java Threads: ( => current thread )
  0x0000019d758fc000 JavaThread "main"                              [_thread_blocked, id=14560, stack(0x000000843ac00000,0x000000843ad00000) (1024K)]
  0x0000019d13be7c00 JavaThread "Reference Handler"          daemon [_thread_blocked, id=13792, stack(0x000000843b400000,0x000000843b500000) (1024K)]
  0x0000019d13be9670 JavaThread "Finalizer"                  daemon [_thread_blocked, id=12436, stack(0x000000843b500000,0x000000843b600000) (1024K)]
  0x0000019d13bec780 JavaThread "Signal Dispatcher"          daemon [_thread_blocked, id=15708, stack(0x000000843b600000,0x000000843b700000) (1024K)]
  0x0000019d13bed1e0 JavaThread "Attach Listener"            daemon [_thread_blocked, id=1120, stack(0x000000843b700000,0x000000843b800000) (1024K)]
  0x0000019d13bf2400 JavaThread "Service Thread"             daemon [_thread_blocked, id=7952, stack(0x000000843b800000,0x000000843b900000) (1024K)]
  0x0000019d13bf3e20 JavaThread "Monitor Deflation Thread"   daemon [_thread_blocked, id=544, stack(0x000000843b900000,0x000000843ba00000) (1024K)]
=>0x0000019d13bfb620 JavaThread "C2 CompilerThread0"         daemon [_thread_in_native, id=12532, stack(0x000000843ba00000,0x000000843bb00000) (1024K)]
  0x0000019d13bfc860 JavaThread "C1 CompilerThread0"         daemon [_thread_blocked, id=16172, stack(0x000000843bb00000,0x000000843bc00000) (1024K)]
  0x0000019d5909b190 JavaThread "Common-Cleaner"             daemon [_thread_blocked, id=10136, stack(0x000000843bc00000,0x000000843bd00000) (1024K)]
  0x0000019d592fd950 JavaThread "Monitor Ctrl-Break"         daemon [_thread_in_native, id=13372, stack(0x000000843bd00000,0x000000843be00000) (1024K)]
  0x0000019d592fdfc0 JavaThread "Notification Thread"        daemon [_thread_blocked, id=492, stack(0x000000843be00000,0x000000843bf00000) (1024K)]
  0x0000019d59d4a420 JavaThread "Thread-0"                          [_thread_blocked, id=9752, stack(0x000000843c200000,0x000000843c300000) (1024K)]
  0x0000019d59d4aa90 JavaThread "restartedMain"                     [_thread_in_native, id=9556, stack(0x000000843c300000,0x000000843c400000) (1024K)]
  0x0000019d5a632040 JavaThread "mysql-cj-abandoned-connection-cleanup" daemon [_thread_blocked, id=6412, stack(0x000000843aa00000,0x000000843ab00000) (1024K)]
Total: 15

Other Threads:
  0x0000019d13bc7810 VMThread "VM Thread"                           [id=5844, stack(0x000000843b300000,0x000000843b400000) (1024K)]
  0x0000019d13bafdf0 WatcherThread "VM Periodic Task Thread"        [id=15504, stack(0x000000843b200000,0x000000843b300000) (1024K)]
  0x0000019d77af39c0 WorkerThread "GC Thread#0"                     [id=14920, stack(0x000000843ad00000,0x000000843ae00000) (1024K)]
  0x0000019d59866b90 WorkerThread "GC Thread#1"                     [id=12908, stack(0x000000843bf00000,0x000000843c000000) (1024K)]
  0x0000019d59127ca0 WorkerThread "GC Thread#2"                     [id=16276, stack(0x000000843c000000,0x000000843c100000) (1024K)]
  0x0000019d590380f0 WorkerThread "GC Thread#3"                     [id=13620, stack(0x000000843c100000,0x000000843c200000) (1024K)]
  0x0000019d77b014b0 ConcurrentGCThread "G1 Main Marker"            [id=13728, stack(0x000000843ae00000,0x000000843af00000) (1024K)]
  0x0000019d759be580 WorkerThread "G1 Conc#0"                       [id=11596, stack(0x000000843af00000,0x000000843b000000) (1024K)]
  0x0000019d77b5e1b0 ConcurrentGCThread "G1 Refine#0"               [id=8844, stack(0x000000843b000000,0x000000843b100000) (1024K)]
  0x0000019d77b5e9d0 ConcurrentGCThread "G1 Service"                [id=3068, stack(0x000000843b100000,0x000000843b200000) (1024K)]
Total: 10

Threads with active compile tasks:
C2 CompilerThread0   107678 4423       4       jdk.internal.loader.ClassLoaders$AppClassLoader::loadClass (40 bytes)
Total: 1

VM state: not at safepoint (normal execution)

VM Mutex/Monitor currently owned by a thread: None

Heap address: 0x0000000083200000, size: 1998 MB, Compressed Oops mode: 32-bit

CDS archive(s) mapped at: [0x0000019d14000000-0x0000019d14c90000-0x0000019d14c90000), size 13172736, SharedBaseAddress: 0x0000019d14000000, ArchiveRelocationMode: 1.
Compressed class space mapped at: 0x0000019d15000000-0x0000019d55000000, reserved size: 1073741824
Narrow klass base: 0x0000019d14000000, Narrow klass shift: 0, Narrow klass range: 0x100000000

GC Precious Log:
 CardTable entry size: 512
 Card Set container configuration: InlinePtr #cards 5 size 8 Array Of Cards #cards 12 size 40 Howl #buckets 4 coarsen threshold 1843 Howl Bitmap #cards 512 size 80 coarsen threshold 460 Card regions per heap region 1 cards per card region 2048
 CPUs: 4 total, 4 available
 Memory: 7990M
 Large Page Support: Disabled
 NUMA Support: Disabled
 Compressed Oops: Enabled (32-bit)
 Heap Region Size: 1M
 Heap Min Capacity: 8M
 Heap Initial Capacity: 126M
 Heap Max Capacity: 1998M
 Pre-touch: Disabled
 Parallel Workers: 4
 Concurrent Workers: 1
 Concurrent Refinement Workers: 4
 Periodic GC: Disabled

Heap:
 garbage-first heap   total 51200K, used 21795K [0x0000000083200000, 0x0000000100000000)
  region size 1024K, 3 young (3072K), 2 survivors (2048K)
 Metaspace       used 35595K, committed 36160K, reserved 1114112K
  class space    used 4523K, committed 4736K, reserved 1048576K

Heap Regions: E=young(eden), S=young(survivor), O=old, HS=humongous(starts), HC=humongous(continues), CS=collection set, F=free, TAMS=top-at-mark-start, PB=parsable bottom
|   0|0x0000000083200000, 0x0000000083300000, 0x0000000083300000|100%|HS|  |TAMS 0x0000000083200000| PB 0x0000000083200000| Complete 
|   1|0x0000000083300000, 0x0000000083400000, 0x0000000083400000|100%| O|  |TAMS 0x0000000083300000| PB 0x0000000083300000| Untracked 
|   2|0x0000000083400000, 0x0000000083500000, 0x0000000083500000|100%| O|  |TAMS 0x0000000083400000| PB 0x0000000083400000| Untracked 
|   3|0x0000000083500000, 0x0000000083600000, 0x0000000083600000|100%| O|  |TAMS 0x0000000083500000| PB 0x0000000083500000| Untracked 
|   4|0x0000000083600000, 0x0000000083700000, 0x0000000083700000|100%| O|  |TAMS 0x0000000083600000| PB 0x0000000083600000| Untracked 
|   5|0x0000000083700000, 0x0000000083800000, 0x0000000083800000|100%| O|  |TAMS 0x0000000083700000| PB 0x0000000083700000| Untracked 
|   6|0x0000000083800000, 0x0000000083900000, 0x0000000083900000|100%| O|  |TAMS 0x0000000083800000| PB 0x0000000083800000| Untracked 
|   7|0x0000000083900000, 0x0000000083a00000, 0x0000000083a00000|100%| O|  |TAMS 0x0000000083900000| PB 0x0000000083900000| Untracked 
|   8|0x0000000083a00000, 0x0000000083b00000, 0x0000000083b00000|100%| O|  |TAMS 0x0000000083a00000| PB 0x0000000083a00000| Untracked 
|   9|0x0000000083b00000, 0x0000000083c00000, 0x0000000083c00000|100%| O|  |TAMS 0x0000000083b00000| PB 0x0000000083b00000| Untracked 
|  10|0x0000000083c00000, 0x0000000083d00000, 0x0000000083d00000|100%| O|  |TAMS 0x0000000083c00000| PB 0x0000000083c00000| Untracked 
|  11|0x0000000083d00000, 0x0000000083e00000, 0x0000000083e00000|100%| O|  |TAMS 0x0000000083d00000| PB 0x0000000083d00000| Untracked 
|  12|0x0000000083e00000, 0x0000000083f00000, 0x0000000083f00000|100%| O|  |TAMS 0x0000000083e00000| PB 0x0000000083e00000| Untracked 
|  13|0x0000000083f00000, 0x0000000084000000, 0x0000000084000000|100%| O|Cm|TAMS 0x0000000083f00000| PB 0x0000000083f00000| Complete 
|  14|0x0000000084000000, 0x0000000084100000, 0x0000000084100000|100%| O|  |TAMS 0x0000000084000000| PB 0x0000000084000000| Untracked 
|  15|0x0000000084100000, 0x0000000084200000, 0x0000000084200000|100%| O|  |TAMS 0x0000000084100000| PB 0x0000000084100000| Untracked 
|  16|0x0000000084200000, 0x0000000084300000, 0x0000000084300000|100%| O|  |TAMS 0x0000000084200000| PB 0x0000000084200000| Untracked 
|  17|0x0000000084300000, 0x0000000084400000, 0x0000000084400000|100%| O|  |TAMS 0x0000000084300000| PB 0x0000000084300000| Untracked 
|  18|0x0000000084400000, 0x0000000084500000, 0x0000000084500000|100%| O|  |TAMS 0x0000000084400000| PB 0x0000000084400000| Untracked 
|  19|0x0000000084500000, 0x0000000084500000, 0x0000000084600000|  0%| F|  |TAMS 0x0000000084500000| PB 0x0000000084500000| Untracked 
|  20|0x0000000084600000, 0x0000000084600000, 0x0000000084700000|  0%| F|  |TAMS 0x0000000084600000| PB 0x0000000084600000| Untracked 
|  21|0x0000000084700000, 0x0000000084700000, 0x0000000084800000|  0%| F|  |TAMS 0x0000000084700000| PB 0x0000000084700000| Untracked 
|  22|0x0000000084800000, 0x0000000084800000, 0x0000000084900000|  0%| F|  |TAMS 0x0000000084800000| PB 0x0000000084800000| Untracked 
|  23|0x0000000084900000, 0x000000008495bb40, 0x0000000084a00000| 35%| O|  |TAMS 0x0000000084900000| PB 0x0000000084900000| Untracked 
|  24|0x0000000084a00000, 0x0000000084a00000, 0x0000000084b00000|  0%| F|  |TAMS 0x0000000084a00000| PB 0x0000000084a00000| Untracked 
|  25|0x0000000084b00000, 0x0000000084b00000, 0x0000000084c00000|  0%| F|  |TAMS 0x0000000084b00000| PB 0x0000000084b00000| Untracked 
|  26|0x0000000084c00000, 0x0000000084c00000, 0x0000000084d00000|  0%| F|  |TAMS 0x0000000084c00000| PB 0x0000000084c00000| Untracked 
|  27|0x0000000084d00000, 0x0000000084d00000, 0x0000000084e00000|  0%| F|  |TAMS 0x0000000084d00000| PB 0x0000000084d00000| Untracked 
|  28|0x0000000084e00000, 0x0000000084e00000, 0x0000000084f00000|  0%| F|  |TAMS 0x0000000084e00000| PB 0x0000000084e00000| Untracked 
|  29|0x0000000084f00000, 0x0000000084fed0d0, 0x0000000085000000| 92%| S|CS|TAMS 0x0000000084f00000| PB 0x0000000084f00000| Complete 
|  30|0x0000000085000000, 0x0000000085100000, 0x0000000085100000|100%| S|CS|TAMS 0x0000000085000000| PB 0x0000000085000000| Complete 
|  31|0x0000000085100000, 0x0000000085100000, 0x0000000085200000|  0%| F|  |TAMS 0x0000000085100000| PB 0x0000000085100000| Untracked 
|  32|0x0000000085200000, 0x0000000085200000, 0x0000000085300000|  0%| F|  |TAMS 0x0000000085200000| PB 0x0000000085200000| Untracked 
|  33|0x0000000085300000, 0x0000000085300000, 0x0000000085400000|  0%| F|  |TAMS 0x0000000085300000| PB 0x0000000085300000| Untracked 
|  34|0x0000000085400000, 0x0000000085400000, 0x0000000085500000|  0%| F|  |TAMS 0x0000000085400000| PB 0x0000000085400000| Untracked 
|  35|0x0000000085500000, 0x0000000085500000, 0x0000000085600000|  0%| F|  |TAMS 0x0000000085500000| PB 0x0000000085500000| Untracked 
|  36|0x0000000085600000, 0x0000000085600000, 0x0000000085700000|  0%| F|  |TAMS 0x0000000085600000| PB 0x0000000085600000| Untracked 
|  37|0x0000000085700000, 0x0000000085700000, 0x0000000085800000|  0%| F|  |TAMS 0x0000000085700000| PB 0x0000000085700000| Untracked 
|  38|0x0000000085800000, 0x0000000085800000, 0x0000000085900000|  0%| F|  |TAMS 0x0000000085800000| PB 0x0000000085800000| Untracked 
|  39|0x0000000085900000, 0x0000000085900000, 0x0000000085a00000|  0%| F|  |TAMS 0x0000000085900000| PB 0x0000000085900000| Untracked 
|  40|0x0000000085a00000, 0x0000000085a00000, 0x0000000085b00000|  0%| F|  |TAMS 0x0000000085a00000| PB 0x0000000085a00000| Untracked 
|  41|0x0000000085b00000, 0x0000000085b00000, 0x0000000085c00000|  0%| F|  |TAMS 0x0000000085b00000| PB 0x0000000085b00000| Untracked 
|  93|0x0000000088f00000, 0x0000000088f00000, 0x0000000089000000|  0%| F|  |TAMS 0x0000000088f00000| PB 0x0000000088f00000| Untracked 
|  94|0x0000000089000000, 0x0000000089000000, 0x0000000089100000|  0%| F|  |TAMS 0x0000000089000000| PB 0x0000000089000000| Untracked 
|  95|0x0000000089100000, 0x0000000089100000, 0x0000000089200000|  0%| F|  |TAMS 0x0000000089100000| PB 0x0000000089100000| Untracked 
|  96|0x0000000089200000, 0x0000000089200000, 0x0000000089300000|  0%| F|  |TAMS 0x0000000089200000| PB 0x0000000089200000| Untracked 
|  97|0x0000000089300000, 0x0000000089300000, 0x0000000089400000|  0%| F|  |TAMS 0x0000000089300000| PB 0x0000000089300000| Untracked 
|  98|0x0000000089400000, 0x0000000089400000, 0x0000000089500000|  0%| F|  |TAMS 0x0000000089400000| PB 0x0000000089400000| Untracked 
|  99|0x0000000089500000, 0x0000000089500000, 0x0000000089600000|  0%| F|  |TAMS 0x0000000089500000| PB 0x0000000089500000| Untracked 
| 125|0x000000008af00000, 0x000000008afd43f8, 0x000000008b000000| 82%| E|  |TAMS 0x000000008af00000| PB 0x000000008af00000| Complete 

Card table byte_map: [0x0000019d0f3f0000,0x0000019d0f7e0000] _byte_map_base: 0x0000019d0efd7000

Marking Bits: (CMBitMap*) 0x0000019d77af4ee0
 Bits: [0x0000019d0f7e0000, 0x0000019d11718000)

Polling page: 0x0000019d758a0000

Metaspace:

Usage:
  Non-class:     30.34 MB used.
      Class:      4.42 MB used.
       Both:     34.76 MB used.

Virtual space:
  Non-class space:       64.00 MB reserved,      30.69 MB ( 48%) committed,  1 nodes.
      Class space:        1.00 GB reserved,       4.62 MB ( <1%) committed,  1 nodes.
             Both:        1.06 GB reserved,      35.31 MB (  3%) committed. 

Chunk freelists:
   Non-Class:  944.00 KB
       Class:  11.38 MB
        Both:  12.30 MB

MaxMetaspaceSize: unlimited
CompressedClassSpaceSize: 1.00 GB
Initial GC threshold: 21.00 MB
Current GC threshold: 58.69 MB
CDS: on
 - commit_granule_bytes: 65536.
 - commit_granule_words: 8192.
 - virtual_space_node_default_size: 8388608.
 - enlarge_chunks_in_place: 1.
 - use_allocation_guard: 0.


Internal statistics:

num_allocs_failed_limit: 6.
num_arena_births: 636.
num_arena_deaths: 0.
num_vsnodes_births: 2.
num_vsnodes_deaths: 0.
num_space_committed: 565.
num_space_uncommitted: 0.
num_chunks_returned_to_freelist: 6.
num_chunks_taken_from_freelist: 1901.
num_chunk_merges: 6.
num_chunk_splits: 1321.
num_chunks_enlarged: 942.
num_inconsistent_stats: 0.

CodeHeap 'non-profiled nmethods': size=120000Kb used=2378Kb max_used=2637Kb free=117621Kb
 bounds [0x0000019d07ad0000, 0x0000019d07d70000, 0x0000019d0f000000]
CodeHeap 'profiled nmethods': size=120000Kb used=8656Kb max_used=9534Kb free=111343Kb
 bounds [0x0000019d00000000, 0x0000019d00950000, 0x0000019d07530000]
CodeHeap 'non-nmethods': size=5760Kb used=1515Kb max_used=1530Kb free=4244Kb
 bounds [0x0000019d07530000, 0x0000019d077a0000, 0x0000019d07ad0000]
 total_blobs=4677 nmethods=4093 adapters=488
 compilation: enabled
              stopped_count=0, restarted_count=0
 full_count=0

Compilation events (20 events):
Event: 106.090 Thread 0x0000019d13bfc860 4445       3       java.lang.StringBuffer::<init> (7 bytes)
Event: 106.091 Thread 0x0000019d13bfc860 nmethod 4445 0x0000019d0094a910 code [0x0000019d0094aac0, 0x0000019d0094ac00]
Event: 106.091 Thread 0x0000019d13bfc860 4446       3       java.util.ResourceBundle::getString (9 bytes)
Event: 106.091 Thread 0x0000019d13bfc860 nmethod 4446 0x0000019d0094ac90 code [0x0000019d0094ae40, 0x0000019d0094b068]
Event: 106.091 Thread 0x0000019d13bfc860 4447       3       java.text.Format::<init> (5 bytes)
Event: 106.091 Thread 0x0000019d13bfc860 nmethod 4447 0x0000019d0094b110 code [0x0000019d0094b2c0, 0x0000019d0094b428]
Event: 106.091 Thread 0x0000019d13bfc860 4448  s    3       java.lang.StringBuffer::append (15 bytes)
Event: 106.092 Thread 0x0000019d13bfc860 nmethod 4448 0x0000019d0094b510 code [0x0000019d0094b6c0, 0x0000019d0094b900]
Event: 106.092 Thread 0x0000019d13bfc860 4449       1       com.mysql.cj.conf.AbstractPropertyDefinition::getPropertyKey (5 bytes)
Event: 106.092 Thread 0x0000019d13bfc860 nmethod 4449 0x0000019d07d62690 code [0x0000019d07d62820, 0x0000019d07d628e8]
Event: 106.099 Thread 0x0000019d13bfc860 4450       1       com.mysql.cj.conf.AbstractPropertyDefinition::getDefaultValue (5 bytes)
Event: 106.099 Thread 0x0000019d13bfc860 nmethod 4450 0x0000019d07d62990 code [0x0000019d07d62b20, 0x0000019d07d62be8]
Event: 106.099 Thread 0x0000019d13bfc860 4451       1       com.mysql.cj.conf.AbstractRuntimeProperty::getPropertyDefinition (5 bytes)
Event: 106.099 Thread 0x0000019d13bfc860 nmethod 4451 0x0000019d07d62c90 code [0x0000019d07d62e20, 0x0000019d07d62ee8]
Event: 106.101 Thread 0x0000019d13bfc860 4452       1       com.mysql.cj.conf.AbstractPropertyDefinition::getName (5 bytes)
Event: 106.101 Thread 0x0000019d13bfc860 nmethod 4452 0x0000019d07d62f90 code [0x0000019d07d63120, 0x0000019d07d631e8]
Event: 106.101 Thread 0x0000019d13bfc860 4453       1       com.mysql.cj.conf.AbstractPropertyDefinition::getCcAlias (5 bytes)
Event: 106.101 Thread 0x0000019d13bfc860 nmethod 4453 0x0000019d07d63290 code [0x0000019d07d63420, 0x0000019d07d634e8]
Event: 106.165 Thread 0x0000019d13bfc860 4454   !   3       com.mysql.cj.conf.DefaultPropertySet::getProperty (52 bytes)
Event: 106.166 Thread 0x0000019d13bfc860 nmethod 4454 0x0000019d0094ba10 code [0x0000019d0094bc00, 0x0000019d0094c310]

GC Heap History (14 events):
Event: 10.917 GC heap before
{Heap before GC invocations=0 (full 0):
 garbage-first heap   total 129024K, used 13312K [0x0000000083200000, 0x0000000100000000)
  region size 1024K, 13 young (13312K), 0 survivors (0K)
 Metaspace       used 3297K, committed 3456K, reserved 1114112K
  class space    used 325K, committed 384K, reserved 1048576K
}
Event: 10.927 GC heap after
{Heap after GC invocations=1 (full 0):
 garbage-first heap   total 129024K, used 6482K [0x0000000083200000, 0x0000000100000000)
  region size 1024K, 2 young (2048K), 2 survivors (2048K)
 Metaspace       used 3297K, committed 3456K, reserved 1114112K
  class space    used 325K, committed 384K, reserved 1048576K
}
Event: 15.968 GC heap before
{Heap before GC invocations=1 (full 0):
 garbage-first heap   total 129024K, used 18770K [0x0000000083200000, 0x0000000100000000)
  region size 1024K, 14 young (14336K), 2 survivors (2048K)
 Metaspace       used 6151K, committed 6400K, reserved 1114112K
  class space    used 712K, committed 832K, reserved 1048576K
}
Event: 15.974 GC heap after
{Heap after GC invocations=2 (full 0):
 garbage-first heap   total 129024K, used 7485K [0x0000000083200000, 0x0000000100000000)
  region size 1024K, 1 young (1024K), 1 survivors (1024K)
 Metaspace       used 6151K, committed 6400K, reserved 1114112K
  class space    used 712K, committed 832K, reserved 1048576K
}
Event: 31.083 GC heap before
{Heap before GC invocations=2 (full 0):
 garbage-first heap   total 129024K, used 40253K [0x0000000083200000, 0x0000000100000000)
  region size 1024K, 34 young (34816K), 1 survivors (1024K)
 Metaspace       used 15189K, committed 15488K, reserved 1114112K
  class space    used 1987K, committed 2112K, reserved 1048576K
}
Event: 31.094 GC heap after
{Heap after GC invocations=3 (full 0):
 garbage-first heap   total 129024K, used 10341K [0x0000000083200000, 0x0000000100000000)
  region size 1024K, 4 young (4096K), 4 survivors (4096K)
 Metaspace       used 15189K, committed 15488K, reserved 1114112K
  class space    used 1987K, committed 2112K, reserved 1048576K
}
Event: 50.270 GC heap before
{Heap before GC invocations=3 (full 0):
 garbage-first heap   total 129024K, used 34917K [0x0000000083200000, 0x0000000100000000)
  region size 1024K, 30 young (30720K), 4 survivors (4096K)
 Metaspace       used 21209K, committed 21504K, reserved 1114112K
  class space    used 2706K, committed 2816K, reserved 1048576K
}
Event: 50.285 GC heap after
{Heap after GC invocations=4 (full 0):
 garbage-first heap   total 129024K, used 13570K [0x0000000083200000, 0x0000000100000000)
  region size 1024K, 7 young (7168K), 7 survivors (7168K)
 Metaspace       used 21209K, committed 21504K, reserved 1114112K
  class space    used 2706K, committed 2816K, reserved 1048576K
}
Event: 59.153 GC heap before
{Heap before GC invocations=5 (full 0):
 garbage-first heap   total 51200K, used 37122K [0x0000000083200000, 0x0000000100000000)
  region size 1024K, 30 young (30720K), 7 survivors (7168K)
 Metaspace       used 23167K, committed 23488K, reserved 1114112K
  class space    used 2940K, committed 3072K, reserved 1048576K
}
Event: 59.172 GC heap after
{Heap after GC invocations=6 (full 0):
 garbage-first heap   total 51200K, used 15818K [0x0000000083200000, 0x0000000100000000)
  region size 1024K, 3 young (3072K), 3 survivors (3072K)
 Metaspace       used 23167K, committed 23488K, reserved 1114112K
  class space    used 2940K, committed 3072K, reserved 1048576K
}
Event: 70.123 GC heap before
{Heap before GC invocations=6 (full 0):
 garbage-first heap   total 51200K, used 37322K [0x0000000083200000, 0x0000000100000000)
  region size 1024K, 25 young (25600K), 3 survivors (3072K)
 Metaspace       used 26581K, committed 26944K, reserved 1114112K
  class space    used 3390K, committed 3520K, reserved 1048576K
}
Event: 70.135 GC heap after
{Heap after GC invocations=7 (full 0):
 garbage-first heap   total 51200K, used 17208K [0x0000000083200000, 0x0000000100000000)
  region size 1024K, 4 young (4096K), 4 survivors (4096K)
 Metaspace       used 26581K, committed 26944K, reserved 1114112K
  class space    used 3390K, committed 3520K, reserved 1048576K
}
Event: 95.986 GC heap before
{Heap before GC invocations=7 (full 0):
 garbage-first heap   total 51200K, used 39736K [0x0000000083200000, 0x0000000100000000)
  region size 1024K, 27 young (27648K), 4 survivors (4096K)
 Metaspace       used 31457K, committed 31936K, reserved 1114112K
  class space    used 4078K, committed 4288K, reserved 1048576K
}
Event: 96.000 GC heap after
{Heap after GC invocations=8 (full 0):
 garbage-first heap   total 51200K, used 19720K [0x0000000083200000, 0x0000000100000000)
  region size 1024K, 4 young (4096K), 4 survivors (4096K)
 Metaspace       used 31457K, committed 31936K, reserved 1114112K
  class space    used 4078K, committed 4288K, reserved 1048576K
}

Dll operation events (12 events):
Event: 0.905 Loaded shared library C:\Program Files\Java\jdk-21\bin\java.dll
Event: 0.983 Loaded shared library C:\Program Files\Java\jdk-21\bin\jsvml.dll
Event: 1.277 Loaded shared library C:\Program Files\Java\jdk-21\bin\zip.dll
Event: 1.510 Loaded shared library C:\Program Files\Java\jdk-21\bin\instrument.dll
Event: 1.533 Loaded shared library C:\Program Files\Java\jdk-21\bin\net.dll
Event: 1.537 Loaded shared library C:\Program Files\Java\jdk-21\bin\nio.dll
Event: 1.547 Loaded shared library C:\Program Files\Java\jdk-21\bin\zip.dll
Event: 6.183 Loaded shared library C:\Program Files\Java\jdk-21\bin\extnet.dll
Event: 7.045 Loaded shared library C:\Program Files\Java\jdk-21\bin\jimage.dll
Event: 13.187 Loaded shared library C:\Program Files\Java\jdk-21\bin\management.dll
Event: 13.193 Loaded shared library C:\Program Files\Java\jdk-21\bin\management_ext.dll
Event: 49.705 Loaded shared library C:\Program Files\Java\jdk-21\bin\sunmscapi.dll

Deoptimization events (20 events):
Event: 105.673 Thread 0x0000019d59d4aa90 Uncommon trap: trap_request=0xffffffd6 fr.pc=0x0000019d07d3cde4 relative=0x0000000000000844
Event: 105.673 Thread 0x0000019d59d4aa90 Uncommon trap: reason=array_check action=maybe_recompile pc=0x0000019d07d3cde4 method=java.util.AbstractCollection.toArray([Ljava/lang/Object;)[Ljava/lang/Object; @ 116 c2
Event: 105.673 Thread 0x0000019d59d4aa90 DEOPT PACKING pc=0x0000019d07d3cde4 sp=0x000000843c3fbdb0
Event: 105.673 Thread 0x0000019d59d4aa90 DEOPT UNPACKING pc=0x0000019d0758469c sp=0x000000843c3fbd80 mode 2
Event: 105.673 Thread 0x0000019d59d4aa90 Uncommon trap: trap_request=0xffffffd6 fr.pc=0x0000019d07d3cde4 relative=0x0000000000000844
Event: 105.673 Thread 0x0000019d59d4aa90 Uncommon trap: reason=array_check action=maybe_recompile pc=0x0000019d07d3cde4 method=java.util.AbstractCollection.toArray([Ljava/lang/Object;)[Ljava/lang/Object; @ 116 c2
Event: 105.673 Thread 0x0000019d59d4aa90 DEOPT PACKING pc=0x0000019d07d3cde4 sp=0x000000843c3fbda0
Event: 105.673 Thread 0x0000019d59d4aa90 DEOPT UNPACKING pc=0x0000019d0758469c sp=0x000000843c3fbd70 mode 2
Event: 105.679 Thread 0x0000019d59d4aa90 Uncommon trap: trap_request=0xffffff45 fr.pc=0x0000019d07b6612c relative=0x000000000000016c
Event: 105.679 Thread 0x0000019d59d4aa90 Uncommon trap: reason=unstable_if action=reinterpret pc=0x0000019d07b6612c method=java.net.URI.match(CJJ)Z @ 45 c2
Event: 105.679 Thread 0x0000019d59d4aa90 DEOPT PACKING pc=0x0000019d07b6612c sp=0x000000843c3fb8d0
Event: 105.679 Thread 0x0000019d59d4aa90 DEOPT UNPACKING pc=0x0000019d0758469c sp=0x000000843c3fb7f8 mode 2
Event: 105.679 Thread 0x0000019d59d4aa90 Uncommon trap: trap_request=0xffffff45 fr.pc=0x0000019d07b383f8 relative=0x0000000000000058
Event: 105.679 Thread 0x0000019d59d4aa90 Uncommon trap: reason=unstable_if action=reinterpret pc=0x0000019d07b383f8 method=java.net.URI.match(CJJ)Z @ 19 c2
Event: 105.679 Thread 0x0000019d59d4aa90 DEOPT PACKING pc=0x0000019d07b383f8 sp=0x000000843c3fb8e0
Event: 105.679 Thread 0x0000019d59d4aa90 DEOPT UNPACKING pc=0x0000019d0758469c sp=0x000000843c3fb870 mode 2
Event: 105.871 Thread 0x0000019d59d4aa90 Uncommon trap: trap_request=0xffffff45 fr.pc=0x0000019d07cebedc relative=0x000000000000081c
Event: 105.871 Thread 0x0000019d59d4aa90 Uncommon trap: reason=unstable_if action=reinterpret pc=0x0000019d07cebedc method=java.util.Properties.load0(Ljava/util/Properties$LineReader;)V @ 160 c2
Event: 105.871 Thread 0x0000019d59d4aa90 DEOPT PACKING pc=0x0000019d07cebedc sp=0x000000843c3f9250
Event: 105.872 Thread 0x0000019d59d4aa90 DEOPT UNPACKING pc=0x0000019d0758469c sp=0x000000843c3f91f8 mode 2

Classes loaded (20 events):
Event: 105.652 Loading class java/util/concurrent/atomic/AtomicIntegerFieldUpdater$AtomicIntegerFieldUpdaterImpl$1 done
Event: 105.867 Loading class java/io/StringWriter
Event: 105.867 Loading class java/io/StringWriter done
Event: 105.877 Loading class java/math/MathContext
Event: 105.915 Loading class java/math/MathContext done
Event: 105.916 Loading class java/util/Collections$UnmodifiableMap$UnmodifiableEntrySet$UnmodifiableEntrySetSpliterator
Event: 105.916 Loading class java/util/Collections$UnmodifiableMap$UnmodifiableEntrySet$UnmodifiableEntrySetSpliterator done
Event: 105.916 Loading class java/util/HashMap$EntrySpliterator
Event: 105.926 Loading class java/util/HashMap$EntrySpliterator done
Event: 106.076 Loading class java/text/MessageFormat$Field
Event: 106.077 Loading class java/text/MessageFormat$Field done
Event: 106.189 Loading class java/util/LinkedList$LLSpliterator
Event: 106.190 Loading class java/util/LinkedList$LLSpliterator done
Event: 106.210 Loading class java/util/concurrent/ConcurrentSkipListMap$KeySet
Event: 106.423 Loading class java/util/concurrent/ConcurrentSkipListMap$KeySet done
Event: 106.424 Loading class java/util/concurrent/ConcurrentSkipListMap$KeyIterator
Event: 106.434 Loading class java/util/concurrent/ConcurrentSkipListMap$Iter
Event: 106.434 Loading class java/util/concurrent/ConcurrentSkipListMap$Iter done
Event: 106.434 Loading class java/util/concurrent/ConcurrentSkipListMap$KeyIterator done
Event: 106.434 Loading class java/net/InetAddress$NameServiceAddresses

Classes unloaded (0 events):
No events

Classes redefined (0 events):
No events

Internal exceptions (20 events):
Event: 92.139 Thread 0x0000019d59d4aa90 Exception <a 'java/lang/NoSuchMethodError'{0x00000000854e8cd8}: 'java.lang.Object java.lang.invoke.DirectMethodHandle$Holder.invokeVirtual(java.lang.Object, java.lang.Object, java.lang.Object, java.lang.Object, java.lang.Object, java.lang.Object)'> (0x00000000854e8cd8) 
thrown [s\open\src\hotspot\share\interpreter\linkResolver.cpp, line 773]
Event: 92.342 Thread 0x0000019d59d4aa90 Exception <a 'java/lang/NoSuchMethodError'{0x00000000853ecce8}: 'void java.lang.invoke.DirectMethodHandle$Holder.invokeInterface(java.lang.Object, java.lang.Object, int)'> (0x00000000853ecce8) 
thrown [s\open\src\hotspot\share\interpreter\linkResolver.cpp, line 773]
Event: 92.362 Thread 0x0000019d59d4aa90 Exception <a 'java/lang/IncompatibleClassChangeError'{0x000000008522fc70}: Found class java.lang.Object, but interface was expected> (0x000000008522fc70) 
thrown [s\open\src\hotspot\share\interpreter\linkResolver.cpp, line 840]
Event: 92.366 Thread 0x0000019d59d4aa90 Exception <a 'java/lang/NoSuchMethodError'{0x000000008523dcd8}: 'int java.lang.invoke.DirectMethodHandle$Holder.invokeSpecialIFC(java.lang.Object, java.lang.Object, java.lang.Object)'> (0x000000008523dcd8) 
thrown [s\open\src\hotspot\share\interpreter\linkResolver.cpp, line 773]
Event: 92.369 Thread 0x0000019d59d4aa90 Exception <a 'java/lang/NoSuchMethodError'{0x000000008524a018}: 'void java.lang.invoke.DirectMethodHandle$Holder.invokeStatic(java.lang.Object, int, java.lang.Object)'> (0x000000008524a018) 
thrown [s\open\src\hotspot\share\interpreter\linkResolver.cpp, line 773]
Event: 92.519 Thread 0x0000019d59d4aa90 Exception <a 'java/lang/NoSuchMethodError'{0x000000008527fd10}: 'void java.lang.invoke.DirectMethodHandle$Holder.invokeStatic(java.lang.Object, java.lang.Object, java.lang.Object, int, java.lang.Object)'> (0x000000008527fd10) 
thrown [s\open\src\hotspot\share\interpreter\linkResolver.cpp, line 773]
Event: 92.521 Thread 0x0000019d59d4aa90 Exception <a 'java/lang/NoSuchMethodError'{0x00000000852864c8}: 'java.lang.Object java.lang.invoke.DirectMethodHandle$Holder.newInvokeSpecial(java.lang.Object, java.lang.Object, java.lang.Object, int)'> (0x00000000852864c8) 
thrown [s\open\src\hotspot\share\interpreter\linkResolver.cpp, line 773]
Event: 92.522 Thread 0x0000019d59d4aa90 Exception <a 'java/lang/NoSuchMethodError'{0x000000008528a348}: 'java.lang.Object java.lang.invoke.DirectMethodHandle$Holder.invokeSpecial(java.lang.Object, java.lang.Object, java.lang.Object, java.lang.Object, int)'> (0x000000008528a348) 
thrown [s\open\src\hotspot\share\interpreter\linkResolver.cpp, line 773]
Event: 92.523 Thread 0x0000019d59d4aa90 Exception <a 'java/lang/NoSuchMethodError'{0x000000008528d7d0}: 'java.lang.Object java.lang.invoke.Invokers$Holder.linkToTargetMethod(java.lang.Object, java.lang.Object, int, java.lang.Object)'> (0x000000008528d7d0) 
thrown [s\open\src\hotspot\share\interpreter\linkResolver.cpp, line 773]
Event: 94.459 Thread 0x0000019d59d4aa90 Exception <a 'java/lang/NoSuchMethodError'{0x0000000084e28fa8}: 'java.lang.Object java.lang.invoke.DirectMethodHandle$Holder.invokeStaticInit(java.lang.Object, int, int, int, int)'> (0x0000000084e28fa8) 
thrown [s\open\src\hotspot\share\interpreter\linkResolver.cpp, line 773]
Event: 94.695 Thread 0x0000019d59d4aa90 Exception <a 'java/lang/NoSuchMethodError'{0x0000000084e5ebc8}: 'java.lang.Object java.lang.invoke.DirectMethodHandle$Holder.invokeStaticInit(java.lang.Object, java.lang.Object, int, int, int, int)'> (0x0000000084e5ebc8) 
thrown [s\open\src\hotspot\share\interpreter\linkResolver.cpp, line 773]
Event: 99.580 Thread 0x0000019d59d4aa90 Exception <a 'sun/nio/fs/WindowsException'{0x0000000089166ff8}> (0x0000000089166ff8) 
thrown [s\open\src\hotspot\share\prims\jni.cpp, line 520]
Event: 99.582 Thread 0x0000019d59d4aa90 Exception <a 'sun/nio/fs/WindowsException'{0x0000000089167748}> (0x0000000089167748) 
thrown [s\open\src\hotspot\share\prims\jni.cpp, line 520]
Event: 99.816 Thread 0x0000019d59d4aa90 Exception <a 'java/lang/NoSuchMethodError'{0x000000008917d740}: 'int java.lang.invoke.DirectMethodHandle$Holder.invokeVirtual(java.lang.Object, java.lang.Object, java.lang.Object, java.lang.Object)'> (0x000000008917d740) 
thrown [s\open\src\hotspot\share\interpreter\linkResolver.cpp, line 773]
Event: 99.817 Thread 0x0000019d59d4aa90 Exception <a 'java/lang/NoSuchMethodError'{0x0000000089180fc0}: 'int java.lang.invoke.DelegatingMethodHandle$Holder.reinvoke_L(java.lang.Object, java.lang.Object, java.lang.Object, java.lang.Object)'> (0x0000000089180fc0) 
thrown [s\open\src\hotspot\share\interpreter\linkResolver.cpp, line 773]
Event: 102.577 Thread 0x0000019d59d4aa90 Exception <a 'java/io/FileNotFoundException'{0x0000000088f98528}> (0x0000000088f98528) 
thrown [s\open\src\hotspot\share\prims\jni.cpp, line 520]
Event: 102.771 Thread 0x0000019d59d4aa90 Exception <a 'java/lang/NoSuchMethodError'{0x0000000085a26440}: 'int java.lang.invoke.DirectMethodHandle$Holder.invokeInterface(java.lang.Object, java.lang.Object, java.lang.Object, java.lang.Object)'> (0x0000000085a26440) 
thrown [s\open\src\hotspot\share\interpreter\linkResolver.cpp, line 773]
Event: 104.462 Thread 0x0000019d59d4aa90 Exception <a 'java/lang/NoSuchMethodError'{0x000000008589dea0}: 'void java.lang.invoke.DirectMethodHandle$Holder.invokeVirtual(java.lang.Object, java.lang.Object, long)'> (0x000000008589dea0) 
thrown [s\open\src\hotspot\share\interpreter\linkResolver.cpp, line 773]
Event: 104.463 Thread 0x0000019d59d4aa90 Exception <a 'java/lang/NoSuchMethodError'{0x00000000858a1b38}: 'long java.lang.invoke.DirectMethodHandle$Holder.invokeStatic(java.lang.Object, java.lang.Object, int)'> (0x00000000858a1b38) 
thrown [s\open\src\hotspot\share\interpreter\linkResolver.cpp, line 773]
Event: 104.464 Thread 0x0000019d59d4aa90 Exception <a 'java/lang/NoSuchMethodError'{0x00000000858ac158}: 'void java.lang.invoke.DelegatingMethodHandle$Holder.reinvoke_L(java.lang.Object, java.lang.Object, long)'> (0x00000000858ac158) 
thrown [s\open\src\hotspot\share\interpreter\linkResolver.cpp, line 773]

ZGC Phase Switch (0 events):
No events

VM Operations (20 events):
Event: 93.826 Executing VM operation: Cleanup done
Event: 94.426 Executing VM operation: HandshakeAllThreads (Deoptimize)
Event: 94.426 Executing VM operation: HandshakeAllThreads (Deoptimize) done
Event: 95.438 Executing VM operation: Cleanup
Event: 95.438 Executing VM operation: Cleanup done
Event: 95.985 Executing VM operation: G1CollectForAllocation (G1 Evacuation Pause)
Event: 96.001 Executing VM operation: G1CollectForAllocation (G1 Evacuation Pause) done
Event: 97.012 Executing VM operation: Cleanup
Event: 97.044 Executing VM operation: Cleanup done
Event: 99.056 Executing VM operation: Cleanup
Event: 99.056 Executing VM operation: Cleanup done
Event: 100.070 Executing VM operation: Cleanup
Event: 100.070 Executing VM operation: Cleanup done
Event: 101.538 Executing VM operation: HandshakeAllThreads (Deoptimize)
Event: 101.538 Executing VM operation: HandshakeAllThreads (Deoptimize) done
Event: 103.546 Executing VM operation: Cleanup
Event: 104.429 Executing VM operation: Cleanup done
Event: 105.439 Executing VM operation: Cleanup
Event: 105.439 Executing VM operation: Cleanup done
Event: 106.453 Executing VM operation: Cleanup

Events (20 events):
Event: 50.316 Thread 0x0000019d59f0e2b0 Thread exited: 0x0000019d59f0e2b0
Event: 62.664 Thread 0x0000019d5a080030 Thread added: 0x0000019d5a080030
Event: 63.000 Thread 0x0000019d5a080030 Thread exited: 0x0000019d5a080030
Event: 63.212 Thread 0x0000019d13c59c20 Thread added: 0x0000019d13c59c20
Event: 63.784 Thread 0x0000019d13c59c20 Thread exited: 0x0000019d13c59c20
Event: 69.191 Thread 0x0000019d5ae80690 Thread added: 0x0000019d5ae80690
Event: 69.671 Thread 0x0000019d5ae80690 Thread exited: 0x0000019d5ae80690
Event: 73.153 Thread 0x0000019d5a8b5790 Thread added: 0x0000019d5a8b5790
Event: 74.411 Thread 0x0000019d5a8b5790 Thread exited: 0x0000019d5a8b5790
Event: 84.373 Thread 0x0000019d59fba770 Thread added: 0x0000019d59fba770
Event: 84.687 Thread 0x0000019d59fba770 Thread exited: 0x0000019d59fba770
Event: 92.112 Thread 0x0000019d5a632040 Thread added: 0x0000019d5a632040
Event: 93.194 Thread 0x0000019d5a632040 Thread exited: 0x0000019d5a632040
Event: 93.255 Thread 0x0000019d5a632040 Thread added: 0x0000019d5a632040
Event: 94.181 Thread 0x0000019d5a632040 Thread exited: 0x0000019d5a632040
Event: 102.821 Thread 0x0000019d5a632040 Thread added: 0x0000019d5a632040
Event: 103.275 Thread 0x0000019d5a632040 Thread exited: 0x0000019d5a632040
Event: 104.431 Thread 0x0000019d5a632040 Thread added: 0x0000019d5a632040
Event: 104.479 Thread 0x0000019d5aba6e40 Thread added: 0x0000019d5aba6e40
Event: 105.641 Thread 0x0000019d5aba6e40 Thread exited: 0x0000019d5aba6e40


Dynamic libraries:
0x00007ff6df8c0000 - 0x00007ff6df8d0000 	C:\Program Files\Java\jdk-21\bin\java.exe
0x00007ff9e6e10000 - 0x00007ff9e7008000 	C:\Windows\SYSTEM32\ntdll.dll
0x00007ff9e5930000 - 0x00007ff9e59f2000 	C:\Windows\System32\KERNEL32.DLL
0x00007ff9e49e0000 - 0x00007ff9e4cd6000 	C:\Windows\System32\KERNELBASE.dll
0x00007ff9e47d0000 - 0x00007ff9e48d0000 	C:\Windows\System32\ucrtbase.dll
0x00007ff9e0fb0000 - 0x00007ff9e0fc9000 	C:\Program Files\Java\jdk-21\bin\jli.dll
0x00007ff9e0f90000 - 0x00007ff9e0fab000 	C:\Program Files\Java\jdk-21\bin\VCRUNTIME140.dll
0x00007ff9e5390000 - 0x00007ff9e5441000 	C:\Windows\System32\ADVAPI32.dll
0x00007ff9e6710000 - 0x00007ff9e67ae000 	C:\Windows\System32\msvcrt.dll
0x00007ff9e4ea0000 - 0x00007ff9e4f3f000 	C:\Windows\System32\sechost.dll
0x00007ff9e6aa0000 - 0x00007ff9e6bc0000 	C:\Windows\System32\RPCRT4.dll
0x00007ff9e4e00000 - 0x00007ff9e4e27000 	C:\Windows\System32\bcrypt.dll
0x00007ff9e5020000 - 0x00007ff9e51c1000 	C:\Windows\System32\USER32.dll
0x00007ff9d5be0000 - 0x00007ff9d5e7b000 	C:\Windows\WinSxS\amd64_microsoft.windows.common-controls_6595b64144ccf1df_6.0.19041.6456_none_60b8a6cb71f64256\COMCTL32.dll
0x00007ff9e49b0000 - 0x00007ff9e49d2000 	C:\Windows\System32\win32u.dll
0x00007ff9e4ff0000 - 0x00007ff9e501b000 	C:\Windows\System32\GDI32.dll
0x00007ff9e4ce0000 - 0x00007ff9e4df9000 	C:\Windows\System32\gdi32full.dll
0x00007ff9e4680000 - 0x00007ff9e471d000 	C:\Windows\System32\msvcp_win.dll
0x00007ff9db620000 - 0x00007ff9db62a000 	C:\Windows\SYSTEM32\VERSION.dll
0x00007ff9e66e0000 - 0x00007ff9e670f000 	C:\Windows\System32\IMM32.DLL
0x00007ff9e0f80000 - 0x00007ff9e0f8c000 	C:\Program Files\Java\jdk-21\bin\vcruntime140_1.dll
0x00007ff9e0ef0000 - 0x00007ff9e0f7e000 	C:\Program Files\Java\jdk-21\bin\msvcp140.dll
0x00007ff9b9070000 - 0x00007ff9b9d87000 	C:\Program Files\Java\jdk-21\bin\server\jvm.dll
0x00007ff9e4e30000 - 0x00007ff9e4e9b000 	C:\Windows\System32\WS2_32.dll
0x00007ff9e4100000 - 0x00007ff9e414b000 	C:\Windows\SYSTEM32\POWRPROF.dll
0x00007ff9d7da0000 - 0x00007ff9d7dc7000 	C:\Windows\SYSTEM32\WINMM.dll
0x00007ff9e40e0000 - 0x00007ff9e40f2000 	C:\Windows\SYSTEM32\UMPDC.dll
0x00007ff9e22d0000 - 0x00007ff9e22e2000 	C:\Windows\SYSTEM32\kernel.appcore.dll
0x00007ff9e0ee0000 - 0x00007ff9e0eea000 	C:\Program Files\Java\jdk-21\bin\jimage.dll
0x00007ff9da0a0000 - 0x00007ff9da2a1000 	C:\Windows\SYSTEM32\DBGHELP.DLL
0x00007ff9da060000 - 0x00007ff9da094000 	C:\Windows\SYSTEM32\dbgcore.DLL
0x00007ff9e48d0000 - 0x00007ff9e4952000 	C:\Windows\System32\bcryptPrimitives.dll
0x00007ff9d7cf0000 - 0x00007ff9d7cff000 	C:\Program Files\Java\jdk-21\bin\instrument.dll
0x00007ff9dff40000 - 0x00007ff9dff5f000 	C:\Program Files\Java\jdk-21\bin\java.dll
0x00007ff9e5c10000 - 0x00007ff9e6380000 	C:\Windows\System32\SHELL32.dll
0x00007ff9e24d0000 - 0x00007ff9e2c75000 	C:\Windows\SYSTEM32\windows.storage.dll
0x00007ff9e6380000 - 0x00007ff9e66d4000 	C:\Windows\System32\combase.dll
0x00007ff9e3d80000 - 0x00007ff9e3dab000 	C:\Windows\SYSTEM32\Wldp.dll
0x00007ff9e6bc0000 - 0x00007ff9e6c8d000 	C:\Windows\System32\OLEAUT32.dll
0x00007ff9e4f40000 - 0x00007ff9e4fed000 	C:\Windows\System32\SHCORE.dll
0x00007ff9e5450000 - 0x00007ff9e54ab000 	C:\Windows\System32\shlwapi.dll
0x00007ff9e43d0000 - 0x00007ff9e43f4000 	C:\Windows\SYSTEM32\profapi.dll
0x00007ff9cffa0000 - 0x00007ff9d0077000 	C:\Program Files\Java\jdk-21\bin\jsvml.dll
0x00007ff9dabf0000 - 0x00007ff9dac08000 	C:\Program Files\Java\jdk-21\bin\zip.dll
0x00007ff9dff30000 - 0x00007ff9dff40000 	C:\Program Files\Java\jdk-21\bin\net.dll
0x00007ff9ddd70000 - 0x00007ff9dde7a000 	C:\Windows\SYSTEM32\WINHTTP.dll
0x00007ff9e3af0000 - 0x00007ff9e3b5a000 	C:\Windows\system32\mswsock.dll
0x00007ff9dac10000 - 0x00007ff9dac26000 	C:\Program Files\Java\jdk-21\bin\nio.dll
0x00007ff9d7c20000 - 0x00007ff9d7c29000 	C:\Program Files\Java\jdk-21\bin\extnet.dll
0x00007ff9d7ce0000 - 0x00007ff9d7cea000 	C:\Program Files\Java\jdk-21\bin\management.dll
0x00007ff9d30b0000 - 0x00007ff9d30bb000 	C:\Program Files\Java\jdk-21\bin\management_ext.dll
0x00007ff9e5280000 - 0x00007ff9e5288000 	C:\Windows\System32\PSAPI.DLL
0x00007ff9d7c30000 - 0x00007ff9d7c3e000 	C:\Program Files\Java\jdk-21\bin\sunmscapi.dll
0x00007ff9e44a0000 - 0x00007ff9e45fd000 	C:\Windows\System32\CRYPT32.dll
0x00007ff9e3df0000 - 0x00007ff9e3e17000 	C:\Windows\SYSTEM32\ncrypt.dll
0x00007ff9e3db0000 - 0x00007ff9e3deb000 	C:\Windows\SYSTEM32\NTASN1.dll
0x00007ff9e41b0000 - 0x00007ff9e41c8000 	C:\Windows\SYSTEM32\CRYPTSP.dll
0x00007ff9e3430000 - 0x00007ff9e3468000 	C:\Windows\system32\rsaenh.dll
0x00007ff9e4390000 - 0x00007ff9e43be000 	C:\Windows\SYSTEM32\USERENV.dll
0x00007ff9e3cf0000 - 0x00007ff9e3cfc000 	C:\Windows\SYSTEM32\CRYPTBASE.dll
0x00007ff9e37f0000 - 0x00007ff9e382b000 	C:\Windows\SYSTEM32\IPHLPAPI.DLL
0x00007ff9e5920000 - 0x00007ff9e5928000 	C:\Windows\System32\NSI.dll
0x00007ff9e3830000 - 0x00007ff9e38fa000 	C:\Windows\SYSTEM32\DNSAPI.dll
0x00007ff9dc530000 - 0x00007ff9dc53a000 	C:\Windows\System32\rasadhlp.dll
0x00007ff9ddad0000 - 0x00007ff9ddb50000 	C:\Windows\System32\fwpuclnt.dll

dbghelp: loaded successfully - version: 4.0.5 - missing functions: none
symbol engine: initialized successfully - sym options: 0x614 - pdb path: .;C:\Program Files\Java\jdk-21\bin;C:\Windows\SYSTEM32;C:\Windows\WinSxS\amd64_microsoft.windows.common-controls_6595b64144ccf1df_6.0.19041.6456_none_60b8a6cb71f64256;C:\Program Files\Java\jdk-21\bin\server

VM Arguments:
jvm_args: -javaagent:S:\disc\IntelliJ IDEA Community Edition 2025.1.3\lib\idea_rt.jar=63675 -Dfile.encoding=UTF-8 -Dsun.stdout.encoding=UTF-8 -Dsun.stderr.encoding=UTF-8 
java_command: com.crud.product.CrudSpringProductApplication
java_class_path (initial): S:\spring-boot-product-crud\crud-spring-product\target\classes;C:\Users\amaur\.m2\repository\org\springframework\boot\spring-boot-starter-data-jpa\3.2.4\spring-boot-starter-data-jpa-3.2.4.jar;C:\Users\amaur\.m2\repository\org\springframework\boot\spring-boot-starter-aop\3.2.4\spring-boot-starter-aop-3.2.4.jar;C:\Users\amaur\.m2\repository\org\aspectj\aspectjweaver\1.9.21\aspectjweaver-1.9.21.jar;C:\Users\amaur\.m2\repository\org\springframework\boot\spring-boot-starter-jdbc\3.2.4\spring-boot-starter-jdbc-3.2.4.jar;C:\Users\amaur\.m2\repository\com\zaxxer\HikariCP\5.0.1\HikariCP-5.0.1.jar;C:\Users\amaur\.m2\repository\org\springframework\spring-jdbc\6.1.5\spring-jdbc-6.1.5.jar;C:\Users\amaur\.m2\repository\org\hibernate\orm\hibernate-core\6.4.4.Final\hibernate-core-6.4.4.Final.jar;C:\Users\amaur\.m2\repository\jakarta\persistence\jakarta.persistence-api\3.1.0\jakarta.persistence-api-3.1.0.jar;C:\Users\amaur\.m2\repository\jakarta\transaction\jakarta.transaction-api\2.0.1\jakarta.transaction-api-2.0.1.jar;C:\Users\amaur\.m2\repository\org\jboss\logging\jboss-logging\3.5.3.Final\jboss-logging-3.5.3.Final.jar;C:\Users\amaur\.m2\repository\org\hibernate\common\hibernate-commons-annotations\6.0.6.Final\hibernate-commons-annotations-6.0.6.Final.jar;C:\Users\amaur\.m2\repository\io\smallrye\jandex\3.1.2\jandex-3.1.2.jar;C:\Users\amaur\.m2\repository\com\fasterxml\classmate\1.6.0\classmate-1.6.0.jar;C:\Users\amaur\.m2\repository\net\bytebuddy\byte-buddy\1.14.12\byte-buddy-1.14.12.jar;C:\Users\amaur\.m2\repository\org\glassfish\jaxb\jaxb-runtime\4.0.5\jaxb-runtime-4.0.5.jar;C:\Users\amaur\.m2\repository\org\glassfish\jaxb\jaxb-core\4.0.5\jaxb-core-4.0.5.jar;C:\Users\amaur\.m2\repository\org\eclipse\angus\angus-activation\2.0.2\angus-activation-2.0.2.jar;C:\Users\amaur\.m2\repository\org\glassfish\jaxb\txw2\4.0.5\txw2-4.0.5.jar;C:\Users\amaur\.m2\repository\com\sun\istack\istack-commons-runtime\4.1.2\istack-commons-runtime-4.1.2.jar;C:\Users\amaur\.m2\repository\jakarta\inject\jakarta.inject-api\2.0.1\jakarta.inject-api-2.0.1.jar;C:\Users\amaur\.m2\repository\org\antlr\antlr4-runtime\4.13.0\antlr4-runtime-4.13.0.jar;C:\Users\amaur\.m2\repository\org\springframework\data\spring-data-jpa\3.2.4\spring-data-jpa-3.2.4.jar;C:\Users\amaur\.m2\repository\org\springframework\data\spring-data-commons\3.2.4\spring-data-commons-3.2.4.jar;C:\Users\amaur\.m2\repository\org\springframework\spring-orm\6.1.5\spring-orm-6.1.5.jar;C:\Users\amaur\.m2\repository\org\springframework\spring-context\6.1.5\spring-context-6.1.5.jar;C:\Users\amaur\.m2\repository\org\springframework\spring-tx\6.1.5\spring-tx-6.1.5.jar;C:\Users\amaur\.m2\repository\org\springframework\spring-beans\6.1.5\spring-beans-6.1.5.jar;C:\Users\amaur\.m2\repository\jakarta\annotation\jakarta.annotation-api\2.1.1\jakarta.annotation-api-2.1.1.jar;C:\Users\amaur\.m2\repository\org\slf4j\slf4j-api\2.0.12\slf4j-api-2.0.12.jar;C:\Users\amaur\.m2\repository\org\springframework\spring-aspects\6.1.5\spring-aspects-6.1.5.jar;C:\Users\amaur\.m2\repository\org\springframework\boot\spring-boot-starter-validation\3.2.4\spring-boot-starter-validation-3.2.4.jar;C:\Users\amaur\.m2\repository\org\springframework\boot\spring-boot-starter\3.2.4\spring-boot-starter-3.2.4.jar;C:\Users\amaur\.m2\repository\org\springframework\boot\spring-boot-starter-logging\3.2.4\spring-boot-starter-logging-3.2.4.jar;C:\Users\amaur\.m2\repository\ch\qos\logback\logback-classic\1.4.14\logback-classic-1.4.14.jar;C:\Users\amaur\.m2\repository\ch\qos\logback\logback-core\1.4.14\logback-core-1.4.14.jar;C:\Users\amaur\.m2\repository\org\apache\logging\log4j\log4j-to-slf4j\2.21.1\log4j-to-slf4j-2.21.1.jar;C:\Users\amaur\.m2\repository\org\apache\logging\log4j\log4j-api\2.21.1\log4j-api-2.21.1.jar;C:\Users\amaur\.m2\repository\org\slf4j\jul-to-slf4j\2.0.12\jul-to-slf4j-2.0.12.jar;C:\Users\amaur\.m2\repository\org\yaml\snakeyaml\2.2\snakeyaml-2.2.jar;C:\Users\amaur\.m2\repository\org\apache\tomcat\embed\tomcat-embed-el\10.1.19\tomcat-embed-el-10.1.19.jar;C:\Users\amaur\.m2\repository\org\hibernate\validator\hibernate-validator\8.0.1.Final\hibernate-validator-8.0.1.Final.jar;C:\Users\amaur\.m2\repository\jakarta\validation\jakarta.validation-api\3.0.2\jakarta.validation-api-3.0.2.jar;C:\Users\amaur\.m2\repository\org\springframework\boot\spring-boot-starter-web\3.2.4\spring-boot-starter-web-3.2.4.jar;C:\Users\amaur\.m2\repository\org\springframework\boot\spring-boot-starter-json\3.2.4\spring-boot-starter-json-3.2.4.jar;C:\Users\amaur\.m2\repository\com\fasterxml\jackson\datatype\jackson-datatype-jdk8\2.15.4\jackson-datatype-jdk8-2.15.4.jar;C:\Users\amaur\.m2\repository\com\fasterxml\jackson\datatype\jackson-datatype-jsr310\2.15.4\jackson-datatype-jsr310-2.15.4.jar;C:\Users\amaur\.m2\repository\org\springframework\boot\spring-boot-starter-tomcat\3.2.4\spring-boot-starter-tomcat-3.2.4.jar;C:\Users\amaur\.m2\repository\org\apache\tomcat\embed\tomcat-embed-core\10.1.19\tomcat-embed-core-10.1.19.jar;C:\Users\amaur\.m2\repository\org\apache\tomcat\embed\tomcat-embed-websocket\10.1.19\tomcat-embed-websocket-10.1.19.jar;C:\Users\amaur\.m2\repository\org\springframework\spring-web\6.1.5\spring-web-6.1.5.jar;C:\Users\amaur\.m2\repository\io\micrometer\micrometer-observation\1.12.4\micrometer-observation-1.12.4.jar;C:\Users\amaur\.m2\repository\io\micrometer\micrometer-commons\1.12.4\micrometer-commons-1.12.4.jar;C:\Users\amaur\.m2\repository\org\springframework\spring-webmvc\6.1.5\spring-webmvc-6.1.5.jar;C:\Users\amaur\.m2\repository\org\springframework\spring-expression\6.1.5\spring-expression-6.1.5.jar;C:\Users\amaur\.m2\repository\com\mysql\mysql-connector-j\8.3.0\mysql-connector-j-8.3.0.jar;C:\Users\amaur\.m2\repository\org\springframework\boot\spring-boot-starter-security\3.2.4\spring-boot-starter-security-3.2.4.jar;C:\Users\amaur\.m2\repository\org\springframework\spring-aop\6.1.5\spring-aop-6.1.5.jar;C:\Users\amaur\.m2\repository\org\springframework\security\spring-security-config\6.2.3\spring-security-config-6.2.3.jar;C:\Users\amaur\.m2\repository\org\springframework\security\spring-security-core\6.2.3\spring-security-core-6.2.3.jar;C:\Users\amaur\.m2\repository\org\springframework\security\spring-security-crypto\6.2.3\spring-security-crypto-6.2.3.jar;C:\Users\amaur\.m2\repository\org\springframework\security\spring-security-web\6.2.3\spring-security-web-6.2.3.jar;C:\Users\amaur\.m2\repository\io\jsonwebtoken\jjwt-api\0.11.5\jjwt-api-0.11.5.jar;C:\Users\amaur\.m2\repository\io\jsonwebtoken\jjwt-impl\0.11.5\jjwt-impl-0.11.5.jar;C:\Users\amaur\.m2\repository\io\jsonwebtoken\jjwt-jackson\0.11.5\jjwt-jackson-0.11.5.jar;C:\Users\amaur\.m2\repository\com\fasterxml\jackson\core\jackson-databind\2.15.4\jackson-databind-2.15.4.jar;C:\Users\amaur\.m2\repository\com\fasterxml\jackson\core\jackson-annotations\2.15.4\jackson-annotations-2.15.4.jar;C:\Users\amaur\.m2\repository\com\fasterxml\jackson\core\jackson-core\2.15.4\jackson-core-2.15.4.jar;C:\Users\amaur\.m2\repository\org\springframework\boot\spring-boot-devtools\3.2.4\spring-boot-devtools-3.2.4.jar;C:\Users\amaur\.m2\repository\org\springframework\boot\spring-boot\3.2.4\spring-boot-3.2.4.jar;C:\Users\amaur\.m2\repository\org\springframework\boot\spring-boot-autoconfigure\3.2.4\spring-boot-autoconfigure-3.2.4.jar;C:\Users\amaur\.m2\repository\org\springframework\boot\spring-boot-docker-compose\3.2.4\spring-boot-docker-compose-3.2.4.jar;C:\Users\amaur\.m2\repository\com\fasterxml\jackson\module\jackson-module-parameter-names\2.15.4\jackson-module-parameter-names-2.15.4.jar;C:\Users\amaur\.m2\repository\org\springdoc\springdoc-openapi-starter-webmvc-ui\2.3.0\springdoc-openapi-starter-webmvc-ui-2.3.0.jar;C:\Users\amaur\.m2\repository\org\springdoc\springdoc-openapi-starter-webmvc-api\2.3.0\springdoc-openapi-starter-webmvc-api-2.3.0.jar;C:\Users\amaur\.m2\repository\org\springdoc\springdoc-openapi-starter-common\2.3.0\springdoc-openapi-starter-common-2.3.0.jar;C:\Users\amaur\.m2\repository\io\swagger\core\v3\swagger-core-jakarta\2.2.19\swagger-core-jakarta-2.2.19.jar;C:\Users\amaur\.m2\repository\org\apache\commons\commons-lang3\3.13.0\commons-lang3-3.13.0.jar;C:\Users\amaur\.m2\repository\io\swagger\core\v3\swagger-annotations-jakarta\2.2.19\swagger-annotations-jakarta-2.2.19.jar;C:\Users\amaur\.m2\repository\io\swagger\core\v3\swagger-models-jakarta\2.2.19\swagger-models-jakarta-2.2.19.jar;C:\Users\amaur\.m2\repository\com\fasterxml\jackson\dataformat\jackson-dataformat-yaml\2.15.4\jackson-dataformat-yaml-2.15.4.jar;C:\Users\amaur\.m2\repository\org\webjars\swagger-ui\5.10.3\swagger-ui-5.10.3.jar;C:\Users\amaur\.m2\repository\com\h2database\h2\2.2.224\h2-2.2.224.jar;C:\Users\amaur\.m2\repository\jakarta\xml\bind\jakarta.xml.bind-api\4.0.2\jakarta.xml.bind-api-4.0.2.jar;C:\Users\amaur\.m2\repository\jakarta\activation\jakarta.activation-api\2.1.3\jakarta.activation-api-2.1.3.jar;C:\Users\amaur\.m2\repository\org\springframework\spring-core\6.1.5\spring-core-6.1.5.jar;C:\Users\amaur\.m2\repository\org\springframework\spring-jcl\6.1.5\spring-jcl-6.1.5.jar
Launcher Type: SUN_STANDARD

[Global flags]
     intx CICompilerCount                          = 3                                         {product} {ergonomic}
     uint ConcGCThreads                            = 1                                         {product} {ergonomic}
     uint G1ConcRefinementThreads                  = 4                                         {product} {ergonomic}
   size_t G1HeapRegionSize                         = 1048576                                   {product} {ergonomic}
    uintx GCDrainStackTargetSize                   = 64                                        {product} {ergonomic}
   size_t InitialHeapSize                          = 132120576                                 {product} {ergonomic}
   size_t MarkStackSize                            = 4194304                                   {product} {ergonomic}
   size_t MaxHeapSize                              = 2095054848                                {product} {ergonomic}
   size_t MaxNewSize                               = 1256194048                                {product} {ergonomic}
   size_t MinHeapDeltaBytes                        = 1048576                                   {product} {ergonomic}
   size_t MinHeapSize                              = 8388608                                   {product} {ergonomic}
    uintx NonNMethodCodeHeapSize                   = 5832780                                {pd product} {ergonomic}
    uintx NonProfiledCodeHeapSize                  = 122912730                              {pd product} {ergonomic}
    uintx ProfiledCodeHeapSize                     = 122912730                              {pd product} {ergonomic}
    uintx ReservedCodeCacheSize                    = 251658240                              {pd product} {ergonomic}
     bool SegmentedCodeCache                       = true                                      {product} {ergonomic}
   size_t SoftMaxHeapSize                          = 2095054848                             {manageable} {ergonomic}
     bool UseCompressedOops                        = true                           {product lp64_product} {ergonomic}
     bool UseG1GC                                  = true                                      {product} {ergonomic}
     bool UseLargePagesIndividualAllocation        = false                                  {pd product} {ergonomic}

Logging:
Log output configuration:
 #0: stdout all=warning uptime,level,tags foldmultilines=false
 #1: stderr all=off uptime,level,tags foldmultilines=false

Environment Variables:
JAVA_HOME=C:\Program Files\Java\jdk-21
PATH=C:\Program Files\Common Files\Oracle\Java\javapath;C:\Windows\system32;C:\Windows;C:\Windows\System32\Wbem;C:\Windows\System32\WindowsPowerShell\v1.0\;C:\Windows\System32\OpenSSH\;C:\Program Files\Java\jdk-21\bin;C:\Program Files\Git\cmd;C:\ProgramData\chocolatey\bin;C:\ProgramData\UNIVALI\Portugol Studio;C:\Program Files (x86)\Microsoft SQL Server\160\DTS\Binn\;C:\maven\apache-maven-3.9.9\bin;;C:\Program Files\Kubernetes\Minikube;C:\Program Files\Docker\Docker\resources\bin;C:\Program Files\nodejs\;C:\Program Files\MySQL\MySQL Shell 8.4\bin\;C:\Users\amaur\AppData\Local\Microsoft\WindowsApps;C:\Users\amaur\AppData\Local\Programs\Microsoft VS Code\bin;C:\Program Files\heroku\bin;C:\Users\amaur\AppData\Roaming\npm
USERNAME=User
OS=Windows_NT
PROCESSOR_IDENTIFIER=Intel64 Family 6 Model 37 Stepping 2, GenuineIntel
TMP=C:\Users\amaur\AppData\Local\Temp
TEMP=C:\Users\amaur\AppData\Local\Temp




Periodic native trim disabled

---------------  S Y S T E M  ---------------

OS:
 Windows 10 , 64 bit Build 19041 (10.0.19041.5915)
OS uptime: 0 days 5:06 hours
Hyper-V role detected

CPU: total 4 (initial active 4) (2 cores per cpu, 2 threads per core) family 6 model 37 stepping 2 microcode 0x11, cx8, cmov, fxsr, ht, mmx, sse, sse2, sse3, ssse3, sse4.1, sse4.2, popcnt, tsc, tscinvbit, clflush, hv, rdtscp
Processor Information for all 4 processors :
  Max Mhz: 2267, Current Mhz: 2266, Mhz Limit: 2244

Memory: 4k page, system-wide physical 7990M (775M free)
TotalPageFile size 11746M (AvailPageFile size 52M)
current process WorkingSet (physical memory assigned to process): 192M, peak: 192M
current process commit charge ("private bytes"): 222M, peak: 255M

vm_info: Java HotSpot(TM) 64-Bit Server VM (21.0.2+13-LTS-58) for windows-amd64 JRE (21.0.2+13-LTS-58), built on 2024-01-05T18:32:24Z by "mach5one" with MS VC++ 17.1 (VS2022)

END.
